<?xml version="1.0" encoding="UTF-8"?>
<!-- Generated by org.testng.reporters.JUnitXMLReporter -->
<testsuite ignored="0" hostname="atkinson" failures="3" tests="3" name="Test" time="93.325" errors="0" timestamp="26 Feb 2024 08:46:43 GMT">
  <testcase classname="org.homepage.Home" name="tc1" time="8.516">
    <failure type="org.openqa.selenium.ElementClickInterceptedException" message="element click intercepted: Element &amp;lt;a href=&amp;quot;https://s-d-s.co.uk/consultancy/&amp;quot; itemprop=&amp;quot;url&amp;quot; class=&amp;quot;nav-link before&amp;quot;&amp;gt;...&amp;lt;/a&amp;gt; is not clickable at point (818, 40). Other element would receive the click: &amp;lt;div class=&amp;quot;litho-cookie-policy-wrapper full-content&amp;quot;&amp;gt;...&amp;lt;/div&amp;gt;
  (Session info: MicrosoftEdge=122.0.2365.52)
Build info: version: &amp;apos;4.10.0&amp;apos;, revision: &amp;apos;c14d967899&amp;apos;
System info: os.name: &amp;apos;Windows 11&amp;apos;, os.arch: &amp;apos;amd64&amp;apos;, os.version: &amp;apos;10.0&amp;apos;, java.version: &amp;apos;11.0.20&amp;apos;
Driver info: org.openqa.selenium.edge.EdgeDriver
Command: [d380ef8e6514cc46d646287dacd085ef, clickElement {id=f.FDF0E6FAE90BF69F61D3DCE57AB54D90.d.1C4A7BEDF4B09B77B646D72857737FC9.e.61}]
Capabilities {acceptInsecureCerts: false, browserName: MicrosoftEdge, browserVersion: 122.0.2365.52, fedcm:accounts: true, ms:edgeOptions: {debuggerAddress: localhost:60207}, msedge: {msedgedriverVersion: 122.0.2365.52 (dcf246d1e496..., userDataDir: C:\Users\Deepak\AppData\Loc...}, networkConnectionEnabled: false, pageLoadStrategy: normal, platformName: windows, proxy: Proxy(), se:cdp: ws://localhost:60207/devtoo..., se:cdpVersion: 122.0.2365.52, setWindowRect: true, strictFileInteractability: false, timeouts: {implicit: 0, pageLoad: 300000, script: 30000}, unhandledPromptBehavior: dismiss and notify, webauthn:extension:credBlob: true, webauthn:extension:largeBlob: true, webauthn:extension:minPinLength: true, webauthn:extension:prf: true, webauthn:virtualAuthenticators: true}
Element: [[EdgeDriver: MicrosoftEdge on windows (d380ef8e6514cc46d646287dacd085ef)] -&amp;gt; xpath: (//a[text()=&amp;apos;Consultancy&amp;apos;])[1]]
Session ID: d380ef8e6514cc46d646287dacd085ef">
      <![CDATA[org.openqa.selenium.ElementClickInterceptedException: element click intercepted: Element <a href="https://s-d-s.co.uk/consultancy/" itemprop="url" class="nav-link before">...</a> is not clickable at point (818, 40). Other element would receive the click: <div class="litho-cookie-policy-wrapper full-content">...</div>
  (Session info: MicrosoftEdge=122.0.2365.52)
Build info: version: '4.10.0', revision: 'c14d967899'
System info: os.name: 'Windows 11', os.arch: 'amd64', os.version: '10.0', java.version: '11.0.20'
Driver info: org.openqa.selenium.edge.EdgeDriver
Command: [d380ef8e6514cc46d646287dacd085ef, clickElement {id=f.FDF0E6FAE90BF69F61D3DCE57AB54D90.d.1C4A7BEDF4B09B77B646D72857737FC9.e.61}]
Capabilities {acceptInsecureCerts: false, browserName: MicrosoftEdge, browserVersion: 122.0.2365.52, fedcm:accounts: true, ms:edgeOptions: {debuggerAddress: localhost:60207}, msedge: {msedgedriverVersion: 122.0.2365.52 (dcf246d1e496..., userDataDir: C:\Users\Deepak\AppData\Loc...}, networkConnectionEnabled: false, pageLoadStrategy: normal, platformName: windows, proxy: Proxy(), se:cdp: ws://localhost:60207/devtoo..., se:cdpVersion: 122.0.2365.52, setWindowRect: true, strictFileInteractability: false, timeouts: {implicit: 0, pageLoad: 300000, script: 30000}, unhandledPromptBehavior: dismiss and notify, webauthn:extension:credBlob: true, webauthn:extension:largeBlob: true, webauthn:extension:minPinLength: true, webauthn:extension:prf: true, webauthn:virtualAuthenticators: true}
Element: [[EdgeDriver: MicrosoftEdge on windows (d380ef8e6514cc46d646287dacd085ef)] -> xpath: (//a[text()='Consultancy'])[1]]
Session ID: d380ef8e6514cc46d646287dacd085ef
at org.openqa.selenium.remote.codec.w3c.W3CHttpResponseCodec.createException(W3CHttpResponseCodec.java:199)
at org.openqa.selenium.remote.codec.w3c.W3CHttpResponseCodec.decode(W3CHttpResponseCodec.java:132)
at org.openqa.selenium.remote.codec.w3c.W3CHttpResponseCodec.decode(W3CHttpResponseCodec.java:51)
at org.openqa.selenium.remote.HttpCommandExecutor.execute(HttpCommandExecutor.java:191)
at org.openqa.selenium.remote.service.DriverCommandExecutor.invokeExecute(DriverCommandExecutor.java:196)
at org.openqa.selenium.remote.service.DriverCommandExecutor.execute(DriverCommandExecutor.java:171)
at org.openqa.selenium.remote.RemoteWebDriver.execute(RemoteWebDriver.java:531)
at org.openqa.selenium.remote.RemoteWebElement.execute(RemoteWebElement.java:242)
at org.openqa.selenium.remote.RemoteWebElement.click(RemoteWebElement.java:77)
at org.openqa.selenium.support.pagefactory.internal.LocatingElementHandler.invoke(LocatingElementHandler.java:51)
at com.sun.proxy.$Proxy14.click(Unknown Source)
at org.baseall.BaseClass.clickAll(BaseClass.java:47)
at org.homepage.Home.tc1(Home.java:55)
... Removed 33 stack frames]]>
    </failure>
  </testcase> <!-- tc1 -->
  <testcase classname="org.homepage.Home" name="tc2" time="24.695">
    <failure type="org.openqa.selenium.ElementNotInteractableException" message="element not interactable
  (Session info: MicrosoftEdge=122.0.2365.52)
Build info: version: &amp;apos;4.10.0&amp;apos;, revision: &amp;apos;c14d967899&amp;apos;
System info: os.name: &amp;apos;Windows 11&amp;apos;, os.arch: &amp;apos;amd64&amp;apos;, os.version: &amp;apos;10.0&amp;apos;, java.version: &amp;apos;11.0.20&amp;apos;
Driver info: org.openqa.selenium.edge.EdgeDriver
Command: [d380ef8e6514cc46d646287dacd085ef, clickElement {id=f.FDF0E6FAE90BF69F61D3DCE57AB54D90.d.531AA427E41BD4A3D4FEEA2A71A2AE5A.e.103}]
Capabilities {acceptInsecureCerts: false, browserName: MicrosoftEdge, browserVersion: 122.0.2365.52, fedcm:accounts: true, ms:edgeOptions: {debuggerAddress: localhost:60207}, msedge: {msedgedriverVersion: 122.0.2365.52 (dcf246d1e496..., userDataDir: C:\Users\Deepak\AppData\Loc...}, networkConnectionEnabled: false, pageLoadStrategy: normal, platformName: windows, proxy: Proxy(), se:cdp: ws://localhost:60207/devtoo..., se:cdpVersion: 122.0.2365.52, setWindowRect: true, strictFileInteractability: false, timeouts: {implicit: 0, pageLoad: 300000, script: 30000}, unhandledPromptBehavior: dismiss and notify, webauthn:extension:credBlob: true, webauthn:extension:largeBlob: true, webauthn:extension:minPinLength: true, webauthn:extension:prf: true, webauthn:virtualAuthenticators: true}
Element: [[EdgeDriver: MicrosoftEdge on windows (d380ef8e6514cc46d646287dacd085ef)] -&amp;gt; xpath: (//a[text() =&amp;apos;ProVal&amp;apos;])[1]]
Session ID: d380ef8e6514cc46d646287dacd085ef">
      <![CDATA[org.openqa.selenium.ElementNotInteractableException: element not interactable
  (Session info: MicrosoftEdge=122.0.2365.52)
Build info: version: '4.10.0', revision: 'c14d967899'
System info: os.name: 'Windows 11', os.arch: 'amd64', os.version: '10.0', java.version: '11.0.20'
Driver info: org.openqa.selenium.edge.EdgeDriver
Command: [d380ef8e6514cc46d646287dacd085ef, clickElement {id=f.FDF0E6FAE90BF69F61D3DCE57AB54D90.d.531AA427E41BD4A3D4FEEA2A71A2AE5A.e.103}]
Capabilities {acceptInsecureCerts: false, browserName: MicrosoftEdge, browserVersion: 122.0.2365.52, fedcm:accounts: true, ms:edgeOptions: {debuggerAddress: localhost:60207}, msedge: {msedgedriverVersion: 122.0.2365.52 (dcf246d1e496..., userDataDir: C:\Users\Deepak\AppData\Loc...}, networkConnectionEnabled: false, pageLoadStrategy: normal, platformName: windows, proxy: Proxy(), se:cdp: ws://localhost:60207/devtoo..., se:cdpVersion: 122.0.2365.52, setWindowRect: true, strictFileInteractability: false, timeouts: {implicit: 0, pageLoad: 300000, script: 30000}, unhandledPromptBehavior: dismiss and notify, webauthn:extension:credBlob: true, webauthn:extension:largeBlob: true, webauthn:extension:minPinLength: true, webauthn:extension:prf: true, webauthn:virtualAuthenticators: true}
Element: [[EdgeDriver: MicrosoftEdge on windows (d380ef8e6514cc46d646287dacd085ef)] -> xpath: (//a[text() ='ProVal'])[1]]
Session ID: d380ef8e6514cc46d646287dacd085ef
at org.openqa.selenium.remote.codec.w3c.W3CHttpResponseCodec.createException(W3CHttpResponseCodec.java:199)
at org.openqa.selenium.remote.codec.w3c.W3CHttpResponseCodec.decode(W3CHttpResponseCodec.java:132)
at org.openqa.selenium.remote.codec.w3c.W3CHttpResponseCodec.decode(W3CHttpResponseCodec.java:51)
at org.openqa.selenium.remote.HttpCommandExecutor.execute(HttpCommandExecutor.java:191)
at org.openqa.selenium.remote.service.DriverCommandExecutor.invokeExecute(DriverCommandExecutor.java:196)
at org.openqa.selenium.remote.service.DriverCommandExecutor.execute(DriverCommandExecutor.java:171)
at org.openqa.selenium.remote.RemoteWebDriver.execute(RemoteWebDriver.java:531)
at org.openqa.selenium.remote.RemoteWebElement.execute(RemoteWebElement.java:242)
at org.openqa.selenium.remote.RemoteWebElement.click(RemoteWebElement.java:77)
at org.openqa.selenium.support.pagefactory.internal.LocatingElementHandler.invoke(LocatingElementHandler.java:51)
at com.sun.proxy.$Proxy14.click(Unknown Source)
at org.baseall.BaseClass.clickAll(BaseClass.java:47)
at org.homepage.Home.tc2(Home.java:119)
... Removed 33 stack frames]]>
    </failure>
  </testcase> <!-- tc2 -->
  <testcase classname="org.homepage.Home" name="tc3" time="6.722">
    <failure type="org.openqa.selenium.ElementClickInterceptedException" message="element click intercepted: Element &amp;lt;a href=&amp;quot;https://s-d-s.co.uk/contact/&amp;quot; itemprop=&amp;quot;url&amp;quot; class=&amp;quot;nav-link before&amp;quot;&amp;gt;...&amp;lt;/a&amp;gt; is not clickable at point (1357, 40). Other element would receive the click: &amp;lt;div class=&amp;quot;litho-cookie-policy-wrapper full-content&amp;quot;&amp;gt;...&amp;lt;/div&amp;gt;
  (Session info: MicrosoftEdge=122.0.2365.52)
Build info: version: &amp;apos;4.10.0&amp;apos;, revision: &amp;apos;c14d967899&amp;apos;
System info: os.name: &amp;apos;Windows 11&amp;apos;, os.arch: &amp;apos;amd64&amp;apos;, os.version: &amp;apos;10.0&amp;apos;, java.version: &amp;apos;11.0.20&amp;apos;
Driver info: org.openqa.selenium.edge.EdgeDriver
Command: [d380ef8e6514cc46d646287dacd085ef, clickElement {id=f.FDF0E6FAE90BF69F61D3DCE57AB54D90.d.531AA427E41BD4A3D4FEEA2A71A2AE5A.e.104}]
Capabilities {acceptInsecureCerts: false, browserName: MicrosoftEdge, browserVersion: 122.0.2365.52, fedcm:accounts: true, ms:edgeOptions: {debuggerAddress: localhost:60207}, msedge: {msedgedriverVersion: 122.0.2365.52 (dcf246d1e496..., userDataDir: C:\Users\Deepak\AppData\Loc...}, networkConnectionEnabled: false, pageLoadStrategy: normal, platformName: windows, proxy: Proxy(), se:cdp: ws://localhost:60207/devtoo..., se:cdpVersion: 122.0.2365.52, setWindowRect: true, strictFileInteractability: false, timeouts: {implicit: 0, pageLoad: 300000, script: 30000}, unhandledPromptBehavior: dismiss and notify, webauthn:extension:credBlob: true, webauthn:extension:largeBlob: true, webauthn:extension:minPinLength: true, webauthn:extension:prf: true, webauthn:virtualAuthenticators: true}
Element: [[EdgeDriver: MicrosoftEdge on windows (d380ef8e6514cc46d646287dacd085ef)] -&amp;gt; xpath: //a[text()=&amp;apos;Contact&amp;apos;]]
Session ID: d380ef8e6514cc46d646287dacd085ef">
      <![CDATA[org.openqa.selenium.ElementClickInterceptedException: element click intercepted: Element <a href="https://s-d-s.co.uk/contact/" itemprop="url" class="nav-link before">...</a> is not clickable at point (1357, 40). Other element would receive the click: <div class="litho-cookie-policy-wrapper full-content">...</div>
  (Session info: MicrosoftEdge=122.0.2365.52)
Build info: version: '4.10.0', revision: 'c14d967899'
System info: os.name: 'Windows 11', os.arch: 'amd64', os.version: '10.0', java.version: '11.0.20'
Driver info: org.openqa.selenium.edge.EdgeDriver
Command: [d380ef8e6514cc46d646287dacd085ef, clickElement {id=f.FDF0E6FAE90BF69F61D3DCE57AB54D90.d.531AA427E41BD4A3D4FEEA2A71A2AE5A.e.104}]
Capabilities {acceptInsecureCerts: false, browserName: MicrosoftEdge, browserVersion: 122.0.2365.52, fedcm:accounts: true, ms:edgeOptions: {debuggerAddress: localhost:60207}, msedge: {msedgedriverVersion: 122.0.2365.52 (dcf246d1e496..., userDataDir: C:\Users\Deepak\AppData\Loc...}, networkConnectionEnabled: false, pageLoadStrategy: normal, platformName: windows, proxy: Proxy(), se:cdp: ws://localhost:60207/devtoo..., se:cdpVersion: 122.0.2365.52, setWindowRect: true, strictFileInteractability: false, timeouts: {implicit: 0, pageLoad: 300000, script: 30000}, unhandledPromptBehavior: dismiss and notify, webauthn:extension:credBlob: true, webauthn:extension:largeBlob: true, webauthn:extension:minPinLength: true, webauthn:extension:prf: true, webauthn:virtualAuthenticators: true}
Element: [[EdgeDriver: MicrosoftEdge on windows (d380ef8e6514cc46d646287dacd085ef)] -> xpath: //a[text()='Contact']]
Session ID: d380ef8e6514cc46d646287dacd085ef
at org.openqa.selenium.remote.codec.w3c.W3CHttpResponseCodec.createException(W3CHttpResponseCodec.java:199)
at org.openqa.selenium.remote.codec.w3c.W3CHttpResponseCodec.decode(W3CHttpResponseCodec.java:132)
at org.openqa.selenium.remote.codec.w3c.W3CHttpResponseCodec.decode(W3CHttpResponseCodec.java:51)
at org.openqa.selenium.remote.HttpCommandExecutor.execute(HttpCommandExecutor.java:191)
at org.openqa.selenium.remote.service.DriverCommandExecutor.invokeExecute(DriverCommandExecutor.java:196)
at org.openqa.selenium.remote.service.DriverCommandExecutor.execute(DriverCommandExecutor.java:171)
at org.openqa.selenium.remote.RemoteWebDriver.execute(RemoteWebDriver.java:531)
at org.openqa.selenium.remote.RemoteWebElement.execute(RemoteWebElement.java:242)
at org.openqa.selenium.remote.RemoteWebElement.click(RemoteWebElement.java:77)
at org.openqa.selenium.support.pagefactory.internal.LocatingElementHandler.invoke(LocatingElementHandler.java:51)
at com.sun.proxy.$Proxy14.click(Unknown Source)
at org.homepage.Home.tc3(Home.java:142)
... Removed 33 stack frames]]>
    </failure>
  </testcase> <!-- tc3 -->
</testsuite> <!-- Test -->
